[2026-01-25T11:38:47.061+0000] {taskinstance.py:1956} INFO - Dependencies all met for dep_context=non-requeueable deps ti=<TaskInstance: weather_pipeline.etl_task scheduled__2026-01-25T10:00:00+00:00 [queued]>
[2026-01-25T11:38:47.099+0000] {taskinstance.py:1956} INFO - Dependencies all met for dep_context=requeueable deps ti=<TaskInstance: weather_pipeline.etl_task scheduled__2026-01-25T10:00:00+00:00 [queued]>
[2026-01-25T11:38:47.101+0000] {taskinstance.py:2170} INFO - Starting attempt 2 of 3
[2026-01-25T11:38:47.164+0000] {taskinstance.py:2191} INFO - Executing <Task(PythonOperator): etl_task> on 2026-01-25 10:00:00+00:00
[2026-01-25T11:38:47.189+0000] {standard_task_runner.py:60} INFO - Started process 195 to run task
[2026-01-25T11:38:47.213+0000] {standard_task_runner.py:87} INFO - Running: ['***', 'tasks', 'run', 'weather_pipeline', 'etl_task', 'scheduled__2026-01-25T10:00:00+00:00', '--job-id', '36', '--raw', '--subdir', 'DAGS_FOLDER/weather_pipeline_dags.py', '--cfg-path', '/tmp/tmpkc1vb9r8']
[2026-01-25T11:38:47.225+0000] {standard_task_runner.py:88} INFO - Job 36: Subtask etl_task
[2026-01-25T11:38:47.607+0000] {task_command.py:423} INFO - Running <TaskInstance: weather_pipeline.etl_task scheduled__2026-01-25T10:00:00+00:00 [running]> on host d33dc3f37b50
[2026-01-25T11:38:47.996+0000] {taskinstance.py:2480} INFO - Exporting env vars: AIRFLOW_CTX_DAG_OWNER='***' AIRFLOW_CTX_DAG_ID='weather_pipeline' AIRFLOW_CTX_TASK_ID='etl_task' AIRFLOW_CTX_EXECUTION_DATE='2026-01-25T10:00:00+00:00' AIRFLOW_CTX_TRY_NUMBER='2' AIRFLOW_CTX_DAG_RUN_ID='scheduled__2026-01-25T10:00:00+00:00'
[2026-01-25T11:38:50.548+0000] {taskinstance.py:2698} ERROR - Task failed with exception
Traceback (most recent call last):
  File "/home/airflow/.local/lib/python3.11/site-packages/sqlalchemy/engine/base.py", line 1910, in _execute_context
    self.dialect.do_execute(
  File "/home/airflow/.local/lib/python3.11/site-packages/sqlalchemy/engine/default.py", line 736, in do_execute
    cursor.execute(statement, parameters)
psycopg2.errors.UndefinedTable: relation "dim_location" does not exist
LINE 2:             INSERT INTO dim_location (city, country, latitud...
                                ^


The above exception was the direct cause of the following exception:

Traceback (most recent call last):
  File "/home/airflow/.local/lib/python3.11/site-packages/airflow/models/taskinstance.py", line 433, in _execute_task
    result = execute_callable(context=context, **execute_callable_kwargs)
             ^^^^^^^^^^^^^^^^^^^^^^^^^^^^^^^^^^^^^^^^^^^^^^^^^^^^^^^^^^^^
  File "/home/airflow/.local/lib/python3.11/site-packages/airflow/operators/python.py", line 199, in execute
    return_value = self.execute_callable()
                   ^^^^^^^^^^^^^^^^^^^^^^^
  File "/home/airflow/.local/lib/python3.11/site-packages/airflow/operators/python.py", line 216, in execute_callable
    return self.python_callable(*self.op_args, **self.op_kwargs)
           ^^^^^^^^^^^^^^^^^^^^^^^^^^^^^^^^^^^^^^^^^^^^^^^^^^^^^
  File "/opt/airflow/dags/weather_pipeline_dags.py", line 24, in etl_task
    location_id = upsert_dim_location(dim_data)
                  ^^^^^^^^^^^^^^^^^^^^^^^^^^^^^
  File "/opt/airflow/dags/src/load.py", line 24, in upsert_dim_location
    result = conn.execute(sql, dim_location)
             ^^^^^^^^^^^^^^^^^^^^^^^^^^^^^^^
  File "/home/airflow/.local/lib/python3.11/site-packages/sqlalchemy/engine/base.py", line 1385, in execute
    return meth(self, multiparams, params, _EMPTY_EXECUTION_OPTS)
           ^^^^^^^^^^^^^^^^^^^^^^^^^^^^^^^^^^^^^^^^^^^^^^^^^^^^^^
  File "/home/airflow/.local/lib/python3.11/site-packages/sqlalchemy/sql/elements.py", line 334, in _execute_on_connection
    return connection._execute_clauseelement(
           ^^^^^^^^^^^^^^^^^^^^^^^^^^^^^^^^^^
  File "/home/airflow/.local/lib/python3.11/site-packages/sqlalchemy/engine/base.py", line 1577, in _execute_clauseelement
    ret = self._execute_context(
          ^^^^^^^^^^^^^^^^^^^^^^
  File "/home/airflow/.local/lib/python3.11/site-packages/sqlalchemy/engine/base.py", line 1953, in _execute_context
    self._handle_dbapi_exception(
  File "/home/airflow/.local/lib/python3.11/site-packages/sqlalchemy/engine/base.py", line 2134, in _handle_dbapi_exception
    util.raise_(
  File "/home/airflow/.local/lib/python3.11/site-packages/sqlalchemy/util/compat.py", line 211, in raise_
    raise exception
  File "/home/airflow/.local/lib/python3.11/site-packages/sqlalchemy/engine/base.py", line 1910, in _execute_context
    self.dialect.do_execute(
  File "/home/airflow/.local/lib/python3.11/site-packages/sqlalchemy/engine/default.py", line 736, in do_execute
    cursor.execute(statement, parameters)
sqlalchemy.exc.ProgrammingError: (psycopg2.errors.UndefinedTable) relation "dim_location" does not exist
LINE 2:             INSERT INTO dim_location (city, country, latitud...
                                ^

[SQL: 
            INSERT INTO dim_location (city, country, latitude, longitude)
        VALUES (%(city)s, %(country)s, %(latitude)s, %(longitude)s)
        ON CONFLICT (city, country)
        DO UPDATE SET
            latitude = EXCLUDED.latitude,
            longitude = EXCLUDED.longitude
        RETURNING location_id;
    ]
[parameters: {'city': 'Dubai', 'country': 'AE', 'latitude': 25.2582, 'longitude': 55.3047}]
(Background on this error at: https://sqlalche.me/e/14/f405)
[2026-01-25T11:38:50.653+0000] {taskinstance.py:1138} INFO - Marking task as UP_FOR_RETRY. dag_id=weather_pipeline, task_id=etl_task, execution_date=20260125T100000, start_date=20260125T113847, end_date=20260125T113850
[2026-01-25T11:38:50.705+0000] {standard_task_runner.py:107} ERROR - Failed to execute job 36 for task etl_task ((psycopg2.errors.UndefinedTable) relation "dim_location" does not exist
LINE 2:             INSERT INTO dim_location (city, country, latitud...
                                ^

[SQL: 
            INSERT INTO dim_location (city, country, latitude, longitude)
        VALUES (%(city)s, %(country)s, %(latitude)s, %(longitude)s)
        ON CONFLICT (city, country)
        DO UPDATE SET
            latitude = EXCLUDED.latitude,
            longitude = EXCLUDED.longitude
        RETURNING location_id;
    ]
[parameters: {'city': 'Dubai', 'country': 'AE', 'latitude': 25.2582, 'longitude': 55.3047}]
(Background on this error at: https://sqlalche.me/e/14/f405); 195)
[2026-01-25T11:38:50.758+0000] {local_task_job_runner.py:234} INFO - Task exited with return code 1
[2026-01-25T11:38:50.827+0000] {taskinstance.py:3280} INFO - 0 downstream tasks scheduled from follow-on schedule check
